<?xml version="1.0" encoding="UTF-8"?>
<!-- Generated by org.testng.reporters.JUnitXMLReporter -->
<testsuite hostname="LAPTOP-FCKSJAP5" ignored="0" name="POM-Framework" tests="3" failures="0" timestamp="28 Jul 2018 10:59:50 GMT" time="33.875" errors="0">
  <testcase name="sessionOne" time="13.226" classname="org.pom.practice.POMFrameWork.ParallelTest"/>
  <testcase name="sessionThree" time="9.62" classname="org.pom.practice.POMFrameWork.ParallelTest"/>
  <testcase name="sessionTwo" time="11.007" classname="org.pom.practice.POMFrameWork.ParallelTest"/>
</testsuite> <!-- POM-Framework -->
