<?xml version="1.0" encoding="UTF-8"?>
<testng-results skipped="0" failed="0" ignored="0" total="3" passed="3">
  <reporter-output>
  </reporter-output>
  <suite name="Test-suite" duration-ms="6830" started-at="2018-07-28T11:19:30Z" finished-at="2018-07-28T11:19:36Z">
    <groups>
    </groups>
    <test name="Chrome1" duration-ms="5600" started-at="2018-07-28T11:19:30Z" finished-at="2018-07-28T11:19:35Z">
      <class name="org.pom.practice.POMFrameWork.ParallelTest">
        <test-method status="PASS" signature="sessionOne()[pri:0, instance:org.pom.practice.POMFrameWork.ParallelTest@5e5792a0]" name="sessionOne" duration-ms="5580" started-at="2018-07-28T16:49:30Z" finished-at="2018-07-28T16:49:35Z">
          <reporter-output>
          </reporter-output>
        </test-method> <!-- sessionOne -->
      </class> <!-- org.pom.practice.POMFrameWork.ParallelTest -->
    </test> <!-- Chrome1 -->
    <test name="Chrome2" duration-ms="6245" started-at="2018-07-28T11:19:30Z" finished-at="2018-07-28T11:19:36Z">
      <class name="org.pom.practice.POMFrameWork.ParallelTest">
        <test-method status="PASS" signature="sessionOne()[pri:0, instance:org.pom.practice.POMFrameWork.ParallelTest@42e26948]" name="sessionOne" duration-ms="6227" started-at="2018-07-28T16:49:30Z" finished-at="2018-07-28T16:49:36Z">
          <reporter-output>
          </reporter-output>
        </test-method> <!-- sessionOne -->
      </class> <!-- org.pom.practice.POMFrameWork.ParallelTest -->
    </test> <!-- Chrome2 -->
    <test name="Chrome3" duration-ms="6830" started-at="2018-07-28T11:19:30Z" finished-at="2018-07-28T11:19:36Z">
      <class name="org.pom.practice.POMFrameWork.ParallelTest">
        <test-method status="PASS" signature="sessionOne()[pri:0, instance:org.pom.practice.POMFrameWork.ParallelTest@4667ae56]" name="sessionOne" duration-ms="6813" started-at="2018-07-28T16:49:30Z" finished-at="2018-07-28T16:49:36Z">
          <reporter-output>
          </reporter-output>
        </test-method> <!-- sessionOne -->
      </class> <!-- org.pom.practice.POMFrameWork.ParallelTest -->
    </test> <!-- Chrome3 -->
  </suite> <!-- Test-suite -->
</testng-results>
