<?xml version="1.0" encoding="UTF-8"?>
<testng-results skipped="0" failed="0" ignored="0" total="2" passed="2">
  <reporter-output>
  </reporter-output>
  <suite name="Default suite" duration-ms="13425" started-at="2018-07-22T03:01:04Z" finished-at="2018-07-22T03:01:17Z">
    <groups>
    </groups>
    <test name="Default test" duration-ms="13425" started-at="2018-07-22T03:01:04Z" finished-at="2018-07-22T03:01:17Z">
      <class name="org.pom.practice.POMFrameWork.LoginPageTest">
        <test-method status="PASS" signature="setup()[pri:0, instance:org.pom.practice.POMFrameWork.LoginPageTest@6093dd95]" name="setup" is-config="true" duration-ms="6283" started-at="2018-07-22T08:31:04Z" finished-at="2018-07-22T08:31:10Z">
          <reporter-output>
          </reporter-output>
        </test-method> <!-- setup -->
        <test-method status="PASS" signature="loginSuccess()[pri:0, instance:org.pom.practice.POMFrameWork.LoginPageTest@6093dd95]" name="loginSuccess" duration-ms="463" started-at="2018-07-22T08:31:10Z" finished-at="2018-07-22T08:31:10Z">
          <reporter-output>
          </reporter-output>
        </test-method> <!-- loginSuccess -->
        <test-method status="PASS" signature="tearDown()[pri:0, instance:org.pom.practice.POMFrameWork.LoginPageTest@6093dd95]" name="tearDown" is-config="true" duration-ms="710" started-at="2018-07-22T08:31:10Z" finished-at="2018-07-22T08:31:11Z">
          <reporter-output>
          </reporter-output>
        </test-method> <!-- tearDown -->
        <test-method status="PASS" signature="setup()[pri:0, instance:org.pom.practice.POMFrameWork.LoginPageTest@6093dd95]" name="setup" is-config="true" duration-ms="5241" started-at="2018-07-22T08:31:11Z" finished-at="2018-07-22T08:31:16Z">
          <reporter-output>
          </reporter-output>
        </test-method> <!-- setup -->
        <test-method status="PASS" signature="usernameCheck()[pri:0, instance:org.pom.practice.POMFrameWork.LoginPageTest@6093dd95]" name="usernameCheck" duration-ms="29" started-at="2018-07-22T08:31:16Z" finished-at="2018-07-22T08:31:16Z">
          <reporter-output>
          </reporter-output>
        </test-method> <!-- usernameCheck -->
        <test-method status="PASS" signature="tearDown()[pri:0, instance:org.pom.practice.POMFrameWork.LoginPageTest@6093dd95]" name="tearDown" is-config="true" duration-ms="679" started-at="2018-07-22T08:31:16Z" finished-at="2018-07-22T08:31:17Z">
          <reporter-output>
          </reporter-output>
        </test-method> <!-- tearDown -->
      </class> <!-- org.pom.practice.POMFrameWork.LoginPageTest -->
    </test> <!-- Default test -->
  </suite> <!-- Default suite -->
</testng-results>
